********************************************************************************
DUPLICATOR-LITE PACKAGE-LOG: 14.10.2018 21:44
NOTICE: Do NOT post to public sites or forums 
********************************************************************************
VERSION:	1.2.48
WORDPRESS:	4.9.8
PHP INFO:	5.5.38 | SAPI: apache2handler
SERVER:		Apache 
PHP TIME LIMIT: (0) no time limit imposed 
PHP MAX MEMORY: 2048M (1536M default) 
MEMORY STACK: 27.75MB 

********************************************************************************
DATABASE:
********************************************************************************
BUILD MODE:   PHP(query limit - 100)
MYSQLTIMEOUT: 5000
MYSQLDUMP:    Not Supported 
TABLES: total:13 | filtered:0 | create:13 
FILTERED: [] 
SQL CREATED: 20181014_creon_8a10664d438e10209462_20181014214351_database.sql 
SQL FILE SIZE: 426.43KB (436665) 
SQL FILE TIME: 2018-10-14 21:44:06 
SQL RUNTIME: 1.29 sec. 

******************************************************************************** 
ARCHIVE (ZIP): 
******************************************************************************** 
ARCHIVE DIR:  C:/openserver/OSPanel/domains/creon 
ARCHIVE FILE: 20181014_creon_8a10664d438e10209462_20181014214351_archive.zip 
FILTERS: *OFF* 
DIRS:
	not set 
FILES:
	not set 
EXTS:  not set 
---------------------------------------- 
COMPRESSING 
SIZE:	120.54MB 
STATS:	Dirs 247 | Files 2,489 
SQL ADDED: 20181014_creon_8a10664d438e10209462_20181014214351_database.sql 
ZipArchive Object
(
    [status] => 0
    [statusSys] => 0
    [numFiles] => 2736
    [filename] => C:\openserver\OSPanel\domains\creon\wp-snapshots\tmp\20181014_creon_8a10664d438e10209462_20181014214351_archive.zip
    [comment] => 
)
 
COMPRESSION RESULT: '1' 
COMPRESSED SIZE: 92.31MB 
ARCHIVE RUNTIME: 138.34 sec. 
MEMORY STACK: 28.5MB 

******************************************************************************** 
MAKE INSTALLER: 
******************************************************************************** 
Build Start 
Build Finished 
Preparing for use 
PACK SIZE:  
Template parsed with new data 
Complete [C:/openserver/OSPanel/domains/creon/wp-snapshots/tmp/20181014_creon_8a10664d438e10209462_20181014214351_installer.php] 
Added to archive 

******************************************************************************** 
INTEGRITY CHECKS: 
******************************************************************************** 
SQL File: 426.43KB 
Installer File: 474.11KB 
Archive File: 92.31MB  

********************************************************************************
RECORD ID:[1]
TOTAL PROCESS RUNTIME: 222.09 sec.
PEAK PHP MEMORY USED: 31.5MB
DONE PROCESSING => 20181014_creon 14.10.2018 21:47
 
